<?xml version="1.0" encoding="UTF-8"?>
<testsuite xmlns:xsi="http://www.w3.org/2001/XMLSchema-instance" xsi:noNamespaceSchemaLocation="https://maven.apache.org/surefire/maven-surefire-plugin/xsd/surefire-test-report-3.0.xsd" version="3.0" name="TestSuite" time="277.438" tests="17" errors="0" skipped="0" failures="0">
  <properties>
    <property name="java.specification.version" value="17"/>
    <property name="webdriver.chrome.driver" value="C:\Users\Familia Romero\.cache\selenium\chromedriver\win64\138.0.7204.183\chromedriver.exe"/>
    <property name="sun.cpu.isalist" value="amd64"/>
    <property name="sun.jnu.encoding" value="Cp1252"/>
    <property name="java.class.path" value="C:\Users\Familia Romero\Desktop\Boopcamp QA\entregables\Ev-Mod4\Ev-Mod4\target\test-classes;C:\Users\Familia Romero\Desktop\Boopcamp QA\entregables\Ev-Mod4\Ev-Mod4\target\classes;C:\Users\Familia Romero\.m2\repository\org\seleniumhq\selenium\selenium-java\4.15.0\selenium-java-4.15.0.jar;C:\Users\Familia Romero\.m2\repository\org\seleniumhq\selenium\selenium-api\4.15.0\selenium-api-4.15.0.jar;C:\Users\Familia Romero\.m2\repository\org\seleniumhq\selenium\selenium-chrome-driver\4.15.0\selenium-chrome-driver-4.15.0.jar;C:\Users\Familia Romero\.m2\repository\com\google\auto\service\auto-service-annotations\1.1.1\auto-service-annotations-1.1.1.jar;C:\Users\Familia Romero\.m2\repository\org\seleniumhq\selenium\selenium-chromium-driver\4.15.0\selenium-chromium-driver-4.15.0.jar;C:\Users\Familia Romero\.m2\repository\org\seleniumhq\selenium\selenium-json\4.15.0\selenium-json-4.15.0.jar;C:\Users\Familia Romero\.m2\repository\org\seleniumhq\selenium\selenium-manager\4.15.0\selenium-manager-4.15.0.jar;C:\Users\Familia Romero\.m2\repository\org\seleniumhq\selenium\selenium-devtools-v117\4.15.0\selenium-devtools-v117-4.15.0.jar;C:\Users\Familia Romero\.m2\repository\org\seleniumhq\selenium\selenium-devtools-v118\4.15.0\selenium-devtools-v118-4.15.0.jar;C:\Users\Familia Romero\.m2\repository\org\seleniumhq\selenium\selenium-devtools-v119\4.15.0\selenium-devtools-v119-4.15.0.jar;C:\Users\Familia Romero\.m2\repository\org\seleniumhq\selenium\selenium-devtools-v85\4.15.0\selenium-devtools-v85-4.15.0.jar;C:\Users\Familia Romero\.m2\repository\org\seleniumhq\selenium\selenium-edge-driver\4.15.0\selenium-edge-driver-4.15.0.jar;C:\Users\Familia Romero\.m2\repository\org\seleniumhq\selenium\selenium-firefox-driver\4.15.0\selenium-firefox-driver-4.15.0.jar;C:\Users\Familia Romero\.m2\repository\org\seleniumhq\selenium\selenium-http\4.15.0\selenium-http-4.15.0.jar;C:\Users\Familia Romero\.m2\repository\dev\failsafe\failsafe\3.3.2\failsafe-3.3.2.jar;C:\Users\Familia Romero\.m2\repository\org\seleniumhq\selenium\selenium-ie-driver\4.15.0\selenium-ie-driver-4.15.0.jar;C:\Users\Familia Romero\.m2\repository\org\seleniumhq\selenium\selenium-remote-driver\4.15.0\selenium-remote-driver-4.15.0.jar;C:\Users\Familia Romero\.m2\repository\com\google\guava\guava\32.1.2-jre\guava-32.1.2-jre.jar;C:\Users\Familia Romero\.m2\repository\com\google\guava\failureaccess\1.0.1\failureaccess-1.0.1.jar;C:\Users\Familia Romero\.m2\repository\com\google\guava\listenablefuture\9999.0-empty-to-avoid-conflict-with-guava\listenablefuture-9999.0-empty-to-avoid-conflict-with-guava.jar;C:\Users\Familia Romero\.m2\repository\com\google\code\findbugs\jsr305\3.0.2\jsr305-3.0.2.jar;C:\Users\Familia Romero\.m2\repository\org\checkerframework\checker-qual\3.33.0\checker-qual-3.33.0.jar;C:\Users\Familia Romero\.m2\repository\com\google\errorprone\error_prone_annotations\2.18.0\error_prone_annotations-2.18.0.jar;C:\Users\Familia Romero\.m2\repository\com\google\j2objc\j2objc-annotations\2.8\j2objc-annotations-2.8.jar;C:\Users\Familia Romero\.m2\repository\io\opentelemetry\opentelemetry-api\1.28.0\opentelemetry-api-1.28.0.jar;C:\Users\Familia Romero\.m2\repository\io\opentelemetry\opentelemetry-context\1.28.0\opentelemetry-context-1.28.0.jar;C:\Users\Familia Romero\.m2\repository\io\opentelemetry\opentelemetry-exporter-logging\1.28.0\opentelemetry-exporter-logging-1.28.0.jar;C:\Users\Familia Romero\.m2\repository\io\opentelemetry\opentelemetry-sdk-metrics\1.28.0\opentelemetry-sdk-metrics-1.28.0.jar;C:\Users\Familia Romero\.m2\repository\io\opentelemetry\opentelemetry-extension-incubator\1.28.0-alpha\opentelemetry-extension-incubator-1.28.0-alpha.jar;C:\Users\Familia Romero\.m2\repository\io\opentelemetry\opentelemetry-sdk-logs\1.28.0\opentelemetry-sdk-logs-1.28.0.jar;C:\Users\Familia Romero\.m2\repository\io\opentelemetry\opentelemetry-sdk-common\1.28.0\opentelemetry-sdk-common-1.28.0.jar;C:\Users\Familia Romero\.m2\repository\io\opentelemetry\opentelemetry-sdk-extension-autoconfigure-spi\1.28.0\opentelemetry-sdk-extension-autoconfigure-spi-1.28.0.jar;C:\Users\Familia Romero\.m2\repository\io\opentelemetry\opentelemetry-sdk-extension-autoconfigure\1.28.0\opentelemetry-sdk-extension-autoconfigure-1.28.0.jar;C:\Users\Familia Romero\.m2\repository\io\opentelemetry\opentelemetry-api-events\1.28.0-alpha\opentelemetry-api-events-1.28.0-alpha.jar;C:\Users\Familia Romero\.m2\repository\io\opentelemetry\opentelemetry-sdk-trace\1.28.0\opentelemetry-sdk-trace-1.28.0.jar;C:\Users\Familia Romero\.m2\repository\io\opentelemetry\opentelemetry-sdk\1.28.0\opentelemetry-sdk-1.28.0.jar;C:\Users\Familia Romero\.m2\repository\io\opentelemetry\opentelemetry-semconv\1.28.0-alpha\opentelemetry-semconv-1.28.0-alpha.jar;C:\Users\Familia Romero\.m2\repository\net\bytebuddy\byte-buddy\1.14.5\byte-buddy-1.14.5.jar;C:\Users\Familia Romero\.m2\repository\org\seleniumhq\selenium\selenium-os\4.15.0\selenium-os-4.15.0.jar;C:\Users\Familia Romero\.m2\repository\org\apache\commons\commons-exec\1.3\commons-exec-1.3.jar;C:\Users\Familia Romero\.m2\repository\org\seleniumhq\selenium\selenium-safari-driver\4.15.0\selenium-safari-driver-4.15.0.jar;C:\Users\Familia Romero\.m2\repository\org\seleniumhq\selenium\selenium-support\4.15.0\selenium-support-4.15.0.jar;C:\Users\Familia Romero\.m2\repository\org\testng\testng\7.8.0\testng-7.8.0.jar;C:\Users\Familia Romero\.m2\repository\org\slf4j\slf4j-api\1.7.36\slf4j-api-1.7.36.jar;C:\Users\Familia Romero\.m2\repository\com\beust\jcommander\1.82\jcommander-1.82.jar;C:\Users\Familia Romero\.m2\repository\org\webjars\jquery\3.6.1\jquery-3.6.1.jar;C:\Users\Familia Romero\.m2\repository\com\aventstack\extentreports\5.1.1\extentreports-5.1.1.jar;C:\Users\Familia Romero\.m2\repository\io\reactivex\rxjava3\rxjava\3.1.6\rxjava-3.1.6.jar;C:\Users\Familia Romero\.m2\repository\org\reactivestreams\reactive-streams\1.0.4\reactive-streams-1.0.4.jar;C:\Users\Familia Romero\.m2\repository\org\freemarker\freemarker\2.3.32\freemarker-2.3.32.jar;C:\Users\Familia Romero\.m2\repository\org\projectlombok\lombok\1.18.26\lombok-1.18.26.jar;C:\Users\Familia Romero\.m2\repository\com\google\code\gson\gson\2.10.1\gson-2.10.1.jar;C:\Users\Familia Romero\.m2\repository\commons-io\commons-io\2.11.0\commons-io-2.11.0.jar;C:\Users\Familia Romero\.m2\repository\io\github\bonigarcia\webdrivermanager\5.6.2\webdrivermanager-5.6.2.jar;C:\Users\Familia Romero\.m2\repository\com\github\docker-java\docker-java\3.3.4\docker-java-3.3.4.jar;C:\Users\Familia Romero\.m2\repository\com\github\docker-java\docker-java-core\3.3.4\docker-java-core-3.3.4.jar;C:\Users\Familia Romero\.m2\repository\com\github\docker-java\docker-java-api\3.3.4\docker-java-api-3.3.4.jar;C:\Users\Familia Romero\.m2\repository\org\bouncycastle\bcpkix-jdk18on\1.76\bcpkix-jdk18on-1.76.jar;C:\Users\Familia Romero\.m2\repository\org\bouncycastle\bcprov-jdk18on\1.76\bcprov-jdk18on-1.76.jar;C:\Users\Familia Romero\.m2\repository\org\bouncycastle\bcutil-jdk18on\1.76\bcutil-jdk18on-1.76.jar;C:\Users\Familia Romero\.m2\repository\org\slf4j\jcl-over-slf4j\1.7.30\jcl-over-slf4j-1.7.30.jar;C:\Users\Familia Romero\.m2\repository\com\github\docker-java\docker-java-transport-httpclient5\3.3.4\docker-java-transport-httpclient5-3.3.4.jar;C:\Users\Familia Romero\.m2\repository\com\github\docker-java\docker-java-transport\3.3.4\docker-java-transport-3.3.4.jar;C:\Users\Familia Romero\.m2\repository\net\java\dev\jna\jna\5.13.0\jna-5.13.0.jar;C:\Users\Familia Romero\.m2\repository\org\brotli\dec\0.1.2\dec-0.1.2.jar;C:\Users\Familia Romero\.m2\repository\org\apache\commons\commons-lang3\3.13.0\commons-lang3-3.13.0.jar;C:\Users\Familia Romero\.m2\repository\org\apache\commons\commons-compress\1.24.0\commons-compress-1.24.0.jar;C:\Users\Familia Romero\.m2\repository\org\apache\httpcomponents\client5\httpclient5\5.2.1\httpclient5-5.2.1.jar;C:\Users\Familia Romero\.m2\repository\org\apache\httpcomponents\core5\httpcore5\5.2\httpcore5-5.2.jar;C:\Users\Familia Romero\.m2\repository\org\apache\httpcomponents\core5\httpcore5-h2\5.2\httpcore5-h2-5.2.jar;C:\Users\Familia Romero\.m2\repository\org\slf4j\slf4j-simple\2.0.9\slf4j-simple-2.0.9.jar;C:\Users\Familia Romero\.m2\repository\org\apache\poi\poi\5.2.4\poi-5.2.4.jar;C:\Users\Familia Romero\.m2\repository\commons-codec\commons-codec\1.16.0\commons-codec-1.16.0.jar;C:\Users\Familia Romero\.m2\repository\org\apache\commons\commons-collections4\4.4\commons-collections4-4.4.jar;C:\Users\Familia Romero\.m2\repository\org\apache\commons\commons-math3\3.6.1\commons-math3-3.6.1.jar;C:\Users\Familia Romero\.m2\repository\com\zaxxer\SparseBitSet\1.3\SparseBitSet-1.3.jar;C:\Users\Familia Romero\.m2\repository\org\apache\logging\log4j\log4j-api\2.20.0\log4j-api-2.20.0.jar;C:\Users\Familia Romero\.m2\repository\org\apache\poi\poi-ooxml\5.2.4\poi-ooxml-5.2.4.jar;C:\Users\Familia Romero\.m2\repository\org\apache\poi\poi-ooxml-lite\5.2.4\poi-ooxml-lite-5.2.4.jar;C:\Users\Familia Romero\.m2\repository\org\apache\xmlbeans\xmlbeans\5.1.1\xmlbeans-5.1.1.jar;C:\Users\Familia Romero\.m2\repository\com\github\virtuald\curvesapi\1.08\curvesapi-1.08.jar;C:\Users\Familia Romero\.m2\repository\com\fasterxml\jackson\core\jackson-databind\2.15.2\jackson-databind-2.15.2.jar;C:\Users\Familia Romero\.m2\repository\com\fasterxml\jackson\core\jackson-annotations\2.15.2\jackson-annotations-2.15.2.jar;C:\Users\Familia Romero\.m2\repository\com\fasterxml\jackson\core\jackson-core\2.15.2\jackson-core-2.15.2.jar;src/test/resources;"/>
    <property name="java.vm.vendor" value="Oracle Corporation"/>
    <property name="sun.arch.data.model" value="64"/>
    <property name="user.variant" value=""/>
    <property name="java.vendor.url" value="https://java.oracle.com/"/>
    <property name="user.timezone" value="America/Santiago"/>
    <property name="os.name" value="Windows 11"/>
    <property name="java.vm.specification.version" value="17"/>
    <property name="sun.java.launcher" value="SUN_STANDARD"/>
    <property name="user.country" value="CL"/>
    <property name="sun.boot.library.path" value="C:\Users\Familia Romero\Desktop\Boopcamp QA\programas\jdk-17.0.15_windows-x64_bin\jdk-17.0.15\bin"/>
    <property name="sun.java.command" value="C:\Users\Familia Romero\AppData\Local\Temp\surefire1539733207501887505\surefirebooter-20250805143742239_3.jar C:\Users\Familia Romero\AppData\Local\Temp\surefire1539733207501887505 2025-08-05T14-37-41_744-jvmRun1 surefire-20250805143742239_1tmp surefire_0-20250805143742239_2tmp"/>
    <property name="jdk.debug" value="release"/>
    <property name="surefire.test.class.path" value="C:\Users\Familia Romero\Desktop\Boopcamp QA\entregables\Ev-Mod4\Ev-Mod4\target\test-classes;C:\Users\Familia Romero\Desktop\Boopcamp QA\entregables\Ev-Mod4\Ev-Mod4\target\classes;C:\Users\Familia Romero\.m2\repository\org\seleniumhq\selenium\selenium-java\4.15.0\selenium-java-4.15.0.jar;C:\Users\Familia Romero\.m2\repository\org\seleniumhq\selenium\selenium-api\4.15.0\selenium-api-4.15.0.jar;C:\Users\Familia Romero\.m2\repository\org\seleniumhq\selenium\selenium-chrome-driver\4.15.0\selenium-chrome-driver-4.15.0.jar;C:\Users\Familia Romero\.m2\repository\com\google\auto\service\auto-service-annotations\1.1.1\auto-service-annotations-1.1.1.jar;C:\Users\Familia Romero\.m2\repository\org\seleniumhq\selenium\selenium-chromium-driver\4.15.0\selenium-chromium-driver-4.15.0.jar;C:\Users\Familia Romero\.m2\repository\org\seleniumhq\selenium\selenium-json\4.15.0\selenium-json-4.15.0.jar;C:\Users\Familia Romero\.m2\repository\org\seleniumhq\selenium\selenium-manager\4.15.0\selenium-manager-4.15.0.jar;C:\Users\Familia Romero\.m2\repository\org\seleniumhq\selenium\selenium-devtools-v117\4.15.0\selenium-devtools-v117-4.15.0.jar;C:\Users\Familia Romero\.m2\repository\org\seleniumhq\selenium\selenium-devtools-v118\4.15.0\selenium-devtools-v118-4.15.0.jar;C:\Users\Familia Romero\.m2\repository\org\seleniumhq\selenium\selenium-devtools-v119\4.15.0\selenium-devtools-v119-4.15.0.jar;C:\Users\Familia Romero\.m2\repository\org\seleniumhq\selenium\selenium-devtools-v85\4.15.0\selenium-devtools-v85-4.15.0.jar;C:\Users\Familia Romero\.m2\repository\org\seleniumhq\selenium\selenium-edge-driver\4.15.0\selenium-edge-driver-4.15.0.jar;C:\Users\Familia Romero\.m2\repository\org\seleniumhq\selenium\selenium-firefox-driver\4.15.0\selenium-firefox-driver-4.15.0.jar;C:\Users\Familia Romero\.m2\repository\org\seleniumhq\selenium\selenium-http\4.15.0\selenium-http-4.15.0.jar;C:\Users\Familia Romero\.m2\repository\dev\failsafe\failsafe\3.3.2\failsafe-3.3.2.jar;C:\Users\Familia Romero\.m2\repository\org\seleniumhq\selenium\selenium-ie-driver\4.15.0\selenium-ie-driver-4.15.0.jar;C:\Users\Familia Romero\.m2\repository\org\seleniumhq\selenium\selenium-remote-driver\4.15.0\selenium-remote-driver-4.15.0.jar;C:\Users\Familia Romero\.m2\repository\com\google\guava\guava\32.1.2-jre\guava-32.1.2-jre.jar;C:\Users\Familia Romero\.m2\repository\com\google\guava\failureaccess\1.0.1\failureaccess-1.0.1.jar;C:\Users\Familia Romero\.m2\repository\com\google\guava\listenablefuture\9999.0-empty-to-avoid-conflict-with-guava\listenablefuture-9999.0-empty-to-avoid-conflict-with-guava.jar;C:\Users\Familia Romero\.m2\repository\com\google\code\findbugs\jsr305\3.0.2\jsr305-3.0.2.jar;C:\Users\Familia Romero\.m2\repository\org\checkerframework\checker-qual\3.33.0\checker-qual-3.33.0.jar;C:\Users\Familia Romero\.m2\repository\com\google\errorprone\error_prone_annotations\2.18.0\error_prone_annotations-2.18.0.jar;C:\Users\Familia Romero\.m2\repository\com\google\j2objc\j2objc-annotations\2.8\j2objc-annotations-2.8.jar;C:\Users\Familia Romero\.m2\repository\io\opentelemetry\opentelemetry-api\1.28.0\opentelemetry-api-1.28.0.jar;C:\Users\Familia Romero\.m2\repository\io\opentelemetry\opentelemetry-context\1.28.0\opentelemetry-context-1.28.0.jar;C:\Users\Familia Romero\.m2\repository\io\opentelemetry\opentelemetry-exporter-logging\1.28.0\opentelemetry-exporter-logging-1.28.0.jar;C:\Users\Familia Romero\.m2\repository\io\opentelemetry\opentelemetry-sdk-metrics\1.28.0\opentelemetry-sdk-metrics-1.28.0.jar;C:\Users\Familia Romero\.m2\repository\io\opentelemetry\opentelemetry-extension-incubator\1.28.0-alpha\opentelemetry-extension-incubator-1.28.0-alpha.jar;C:\Users\Familia Romero\.m2\repository\io\opentelemetry\opentelemetry-sdk-logs\1.28.0\opentelemetry-sdk-logs-1.28.0.jar;C:\Users\Familia Romero\.m2\repository\io\opentelemetry\opentelemetry-sdk-common\1.28.0\opentelemetry-sdk-common-1.28.0.jar;C:\Users\Familia Romero\.m2\repository\io\opentelemetry\opentelemetry-sdk-extension-autoconfigure-spi\1.28.0\opentelemetry-sdk-extension-autoconfigure-spi-1.28.0.jar;C:\Users\Familia Romero\.m2\repository\io\opentelemetry\opentelemetry-sdk-extension-autoconfigure\1.28.0\opentelemetry-sdk-extension-autoconfigure-1.28.0.jar;C:\Users\Familia Romero\.m2\repository\io\opentelemetry\opentelemetry-api-events\1.28.0-alpha\opentelemetry-api-events-1.28.0-alpha.jar;C:\Users\Familia Romero\.m2\repository\io\opentelemetry\opentelemetry-sdk-trace\1.28.0\opentelemetry-sdk-trace-1.28.0.jar;C:\Users\Familia Romero\.m2\repository\io\opentelemetry\opentelemetry-sdk\1.28.0\opentelemetry-sdk-1.28.0.jar;C:\Users\Familia Romero\.m2\repository\io\opentelemetry\opentelemetry-semconv\1.28.0-alpha\opentelemetry-semconv-1.28.0-alpha.jar;C:\Users\Familia Romero\.m2\repository\net\bytebuddy\byte-buddy\1.14.5\byte-buddy-1.14.5.jar;C:\Users\Familia Romero\.m2\repository\org\seleniumhq\selenium\selenium-os\4.15.0\selenium-os-4.15.0.jar;C:\Users\Familia Romero\.m2\repository\org\apache\commons\commons-exec\1.3\commons-exec-1.3.jar;C:\Users\Familia Romero\.m2\repository\org\seleniumhq\selenium\selenium-safari-driver\4.15.0\selenium-safari-driver-4.15.0.jar;C:\Users\Familia Romero\.m2\repository\org\seleniumhq\selenium\selenium-support\4.15.0\selenium-support-4.15.0.jar;C:\Users\Familia Romero\.m2\repository\org\testng\testng\7.8.0\testng-7.8.0.jar;C:\Users\Familia Romero\.m2\repository\org\slf4j\slf4j-api\1.7.36\slf4j-api-1.7.36.jar;C:\Users\Familia Romero\.m2\repository\com\beust\jcommander\1.82\jcommander-1.82.jar;C:\Users\Familia Romero\.m2\repository\org\webjars\jquery\3.6.1\jquery-3.6.1.jar;C:\Users\Familia Romero\.m2\repository\com\aventstack\extentreports\5.1.1\extentreports-5.1.1.jar;C:\Users\Familia Romero\.m2\repository\io\reactivex\rxjava3\rxjava\3.1.6\rxjava-3.1.6.jar;C:\Users\Familia Romero\.m2\repository\org\reactivestreams\reactive-streams\1.0.4\reactive-streams-1.0.4.jar;C:\Users\Familia Romero\.m2\repository\org\freemarker\freemarker\2.3.32\freemarker-2.3.32.jar;C:\Users\Familia Romero\.m2\repository\org\projectlombok\lombok\1.18.26\lombok-1.18.26.jar;C:\Users\Familia Romero\.m2\repository\com\google\code\gson\gson\2.10.1\gson-2.10.1.jar;C:\Users\Familia Romero\.m2\repository\commons-io\commons-io\2.11.0\commons-io-2.11.0.jar;C:\Users\Familia Romero\.m2\repository\io\github\bonigarcia\webdrivermanager\5.6.2\webdrivermanager-5.6.2.jar;C:\Users\Familia Romero\.m2\repository\com\github\docker-java\docker-java\3.3.4\docker-java-3.3.4.jar;C:\Users\Familia Romero\.m2\repository\com\github\docker-java\docker-java-core\3.3.4\docker-java-core-3.3.4.jar;C:\Users\Familia Romero\.m2\repository\com\github\docker-java\docker-java-api\3.3.4\docker-java-api-3.3.4.jar;C:\Users\Familia Romero\.m2\repository\org\bouncycastle\bcpkix-jdk18on\1.76\bcpkix-jdk18on-1.76.jar;C:\Users\Familia Romero\.m2\repository\org\bouncycastle\bcprov-jdk18on\1.76\bcprov-jdk18on-1.76.jar;C:\Users\Familia Romero\.m2\repository\org\bouncycastle\bcutil-jdk18on\1.76\bcutil-jdk18on-1.76.jar;C:\Users\Familia Romero\.m2\repository\org\slf4j\jcl-over-slf4j\1.7.30\jcl-over-slf4j-1.7.30.jar;C:\Users\Familia Romero\.m2\repository\com\github\docker-java\docker-java-transport-httpclient5\3.3.4\docker-java-transport-httpclient5-3.3.4.jar;C:\Users\Familia Romero\.m2\repository\com\github\docker-java\docker-java-transport\3.3.4\docker-java-transport-3.3.4.jar;C:\Users\Familia Romero\.m2\repository\net\java\dev\jna\jna\5.13.0\jna-5.13.0.jar;C:\Users\Familia Romero\.m2\repository\org\brotli\dec\0.1.2\dec-0.1.2.jar;C:\Users\Familia Romero\.m2\repository\org\apache\commons\commons-lang3\3.13.0\commons-lang3-3.13.0.jar;C:\Users\Familia Romero\.m2\repository\org\apache\commons\commons-compress\1.24.0\commons-compress-1.24.0.jar;C:\Users\Familia Romero\.m2\repository\org\apache\httpcomponents\client5\httpclient5\5.2.1\httpclient5-5.2.1.jar;C:\Users\Familia Romero\.m2\repository\org\apache\httpcomponents\core5\httpcore5\5.2\httpcore5-5.2.jar;C:\Users\Familia Romero\.m2\repository\org\apache\httpcomponents\core5\httpcore5-h2\5.2\httpcore5-h2-5.2.jar;C:\Users\Familia Romero\.m2\repository\org\slf4j\slf4j-simple\2.0.9\slf4j-simple-2.0.9.jar;C:\Users\Familia Romero\.m2\repository\org\apache\poi\poi\5.2.4\poi-5.2.4.jar;C:\Users\Familia Romero\.m2\repository\commons-codec\commons-codec\1.16.0\commons-codec-1.16.0.jar;C:\Users\Familia Romero\.m2\repository\org\apache\commons\commons-collections4\4.4\commons-collections4-4.4.jar;C:\Users\Familia Romero\.m2\repository\org\apache\commons\commons-math3\3.6.1\commons-math3-3.6.1.jar;C:\Users\Familia Romero\.m2\repository\com\zaxxer\SparseBitSet\1.3\SparseBitSet-1.3.jar;C:\Users\Familia Romero\.m2\repository\org\apache\logging\log4j\log4j-api\2.20.0\log4j-api-2.20.0.jar;C:\Users\Familia Romero\.m2\repository\org\apache\poi\poi-ooxml\5.2.4\poi-ooxml-5.2.4.jar;C:\Users\Familia Romero\.m2\repository\org\apache\poi\poi-ooxml-lite\5.2.4\poi-ooxml-lite-5.2.4.jar;C:\Users\Familia Romero\.m2\repository\org\apache\xmlbeans\xmlbeans\5.1.1\xmlbeans-5.1.1.jar;C:\Users\Familia Romero\.m2\repository\com\github\virtuald\curvesapi\1.08\curvesapi-1.08.jar;C:\Users\Familia Romero\.m2\repository\com\fasterxml\jackson\core\jackson-databind\2.15.2\jackson-databind-2.15.2.jar;C:\Users\Familia Romero\.m2\repository\com\fasterxml\jackson\core\jackson-annotations\2.15.2\jackson-annotations-2.15.2.jar;C:\Users\Familia Romero\.m2\repository\com\fasterxml\jackson\core\jackson-core\2.15.2\jackson-core-2.15.2.jar;src/test/resources;"/>
    <property name="sun.cpu.endian" value="little"/>
    <property name="user.home" value="C:\Users\Familia Romero"/>
    <property name="user.language" value="es"/>
    <property name="java.specification.vendor" value="Oracle Corporation"/>
    <property name="java.version.date" value="2025-04-15"/>
    <property name="java.home" value="C:\Users\Familia Romero\Desktop\Boopcamp QA\programas\jdk-17.0.15_windows-x64_bin\jdk-17.0.15"/>
    <property name="testng.dtd.http" value="true"/>
    <property name="file.separator" value="\"/>
    <property name="basedir" value="C:\Users\Familia Romero\Desktop\Boopcamp QA\entregables\Ev-Mod4\Ev-Mod4"/>
    <property name="java.vm.compressedOopsMode" value="32-bit"/>
    <property name="line.separator" value="&#10;"/>
    <property name="java.vm.specification.vendor" value="Oracle Corporation"/>
    <property name="java.specification.name" value="Java Platform API Specification"/>
    <property name="java.awt.headless" value="false"/>
    <property name="surefire.real.class.path" value="C:\Users\Familia Romero\AppData\Local\Temp\surefire1539733207501887505\surefirebooter-20250805143742239_3.jar"/>
    <property name="user.script" value=""/>
    <property name="sun.management.compiler" value="HotSpot 64-Bit Tiered Compilers"/>
    <property name="java.runtime.version" value="17.0.15+9-LTS-241"/>
    <property name="user.name" value="Familia Romero"/>
    <property name="path.separator" value=";"/>
    <property name="os.version" value="10.0"/>
    <property name="java.runtime.name" value="Java(TM) SE Runtime Environment"/>
    <property name="file.encoding" value="UTF-8"/>
    <property name="java.vm.name" value="Java HotSpot(TM) 64-Bit Server VM"/>
    <property name="localRepository" value="C:\Users\Familia Romero\.m2\repository"/>
    <property name="java.vendor.url.bug" value="https://bugreport.java.com/bugreport/"/>
    <property name="java.io.tmpdir" value="C:\Users\FAMILI~1\AppData\Local\Temp\"/>
    <property name="java.version" value="17.0.15"/>
    <property name="user.dir" value="C:\Users\Familia Romero\Desktop\Boopcamp QA\entregables\Ev-Mod4\Ev-Mod4"/>
    <property name="os.arch" value="amd64"/>
    <property name="webdriver.gecko.driver" value="C:\Users\Familia Romero\.cache\selenium\geckodriver\win64\0.36.0\geckodriver.exe"/>
    <property name="java.vm.specification.name" value="Java Virtual Machine Specification"/>
    <property name="sun.os.patch.level" value=""/>
    <property name="native.encoding" value="Cp1252"/>
    <property name="java.library.path" value="C:\Users\Familia Romero\Desktop\Boopcamp QA\programas\jdk-17.0.15_windows-x64_bin\jdk-17.0.15\bin;C:\WINDOWS\Sun\Java\bin;C:\WINDOWS\system32;C:\WINDOWS;C:\Program Files\Google\Chrome\Application;C:\Program Files\Common Files\Oracle\Java\javapath;C:\Program Files (x86)\Common Files\Oracle\Java\java8path;C:\Program Files (x86)\Common Files\Oracle\Java\javapath;C:\WINDOWS\system32;C:\WINDOWS;C:\WINDOWS\System32\Wbem;C:\WINDOWS\System32\WindowsPowerShell\v1.0\;C:\WINDOWS\System32\OpenSSH\;C:\Program Files\Git\cmd;%JAVA_HOME%\bin;C:\Program Files\nodejs\;C:\Users\Familia Romero\AppData\Local\Microsoft\WindowsApps;C:\Users\Familia Romero\AppData\Local\Programs\Microsoft VS Code\bin;C:\Users\Familia Romero\AppData\Local\GitHubDesktop\bin;C:\Program Files (x86)\apache-maven-3.9.10-bin\apache-maven-3.9.10\bin;C:\Users\Familia Romero\AppData\Roaming\npm;c:\Users\Familia Romero\AppData\Roaming\Code\User\globalStorage\github.copilot-chat\debugCommand;."/>
    <property name="java.vm.info" value="mixed mode, sharing"/>
    <property name="java.vendor" value="Oracle Corporation"/>
    <property name="java.vm.version" value="17.0.15+9-LTS-241"/>
    <property name="java.specification.maintenance.version" value="1"/>
    <property name="sun.io.unicode.encoding" value="UnicodeLittle"/>
    <property name="java.class.version" value="61.0"/>
  </properties>
  <testcase name="testLogin[UserData{username=&apos;student&apos;, password=&apos;***&apos;, expectedResult=&apos;success&apos;, description=&apos;Login válido con credenciales correctas&apos;}](1)" classname="suiteTest.LoginTest" time="6.265">
    <system-out><![CDATA[...
... TestNG 7.8.0 by Cédric Beust (cedric@beust.com)
...

🚀 ===== INICIANDO SUITE: Chrome-LoginTests-Complete =====
✅ Reporte Extent inicializado: reports/AutomationSuite_Report_2025-08-05_14-37-44.html
📋 Tests programados: 3
🔧 Configurando LoginTest OPTIMIZADO en chrome...
🔍 Validando CSV: src/test/resources/User.csv -> EXISTE
📄 Primeras líneas del CSV:
   1: username,password,expectedResult,description
   2: student,Password123,success,Login válido con credenciales correctas
   3: incorrectUser,Password123,failed,Usuario inexistente
🧪 Iniciando test: testLogin [LoginTest]
]]></system-out>
    <system-err><![CDATA[SLF4J: Failed to load class "org.slf4j.impl.StaticLoggerBinder".
SLF4J: Defaulting to no-operation (NOP) logger implementation
SLF4J: See http://www.slf4j.org/codes.html#StaticLoggerBinder for further details.
ago. 05, 2025 2:37:49 P. M. org.openqa.selenium.devtools.CdpVersionFinder findNearestMatch
WARNING: Unable to find CDP implementation matching 138
ago. 05, 2025 2:37:49 P. M. org.openqa.selenium.chromium.ChromiumDriver lambda$new$5
WARNING: Unable to find version of CDP to use for 138.0.7204.184. You may need to include a dependency on a specific version of the CDP using something similar to `org.seleniumhq.selenium:selenium-devtools-v86:4.15.0` where the version ("v86") matches the version of the chromium-based browser you're using and the version number of the artifact is the same as Selenium's.
]]></system-err>
  </testcase>
  <testcase name="testLogin[UserData{username=&apos;student&apos;, password=&apos;***&apos;, expectedResult=&apos;success&apos;, description=&apos;Login válido con credenciales correctas&apos;}](1)" classname="suiteTest.LoginTest" time="6.195">
    <system-out><![CDATA[✅ Test EXITOSO: testFormFieldsValidation
🏁 ===== FINALIZANDO SUITE: Chrome-RegisterTests-Complete =====
📊 ESTADÍSTICAS FINALES:
   🎯 Total de Tests: 5
   ✅ Exitosos: 5
   ❌ Fallidos: 0
   ⏭️ Omitidos: 0
   📈 Tasa de Éxito: 100,0%
📄 Reporte HTML generado: reports/AutomationSuite_Report_2025-08-05_14-37-44.html
🔗 Abrir en navegador: file:///C:/Users/Familia Romero/Desktop/Boopcamp QA/entregables/Ev-Mod4/Ev-Mod4/reports/AutomationSuite_Report_2025-08-05_14-37-44.html
📄 Reporte HTML disponible en: reports/AutomationSuite_Report_2025-08-05_14-37-44.html
📂 Screenshots disponibles en: screenshots/
🎉 ¡SUITE COMPLETADA EXITOSAMENTE! Todos los tests pasaron.
🚀 ===== INICIANDO SUITE: Firefox-LoginTest-Essential =====
📋 Tests programados: 1
🔧 Configurando LoginTest OPTIMIZADO en firefox...
🔍 Validando CSV: src/test/resources/User.csv -> EXISTE
📄 Primeras líneas del CSV:
   1: username,password,expectedResult,description
   2: student,Password123,success,Login válido con credenciales correctas
   3: incorrectUser,Password123,failed,Usuario inexistente
🧪 Iniciando test: testLogin [LoginTest]
]]></system-out>
  </testcase>
  <testcase name="testLogin[UserData{username=&apos;incorrectUser&apos;, password=&apos;***&apos;, expectedResult=&apos;failed&apos;, description=&apos;Usuario inexistente&apos;}](2)" classname="suiteTest.LoginTest" time="3.524">
    <system-out><![CDATA[✅ Test EXITOSO: testLogin
🧪 Iniciando test: testLogin [LoginTest]
]]></system-out>
  </testcase>
  <testcase name="testLogin[UserData{username=&apos;incorrectUser&apos;, password=&apos;***&apos;, expectedResult=&apos;failed&apos;, description=&apos;Usuario inexistente&apos;}](2)" classname="suiteTest.LoginTest" time="2.752">
    <system-out><![CDATA[✅ Test EXITOSO: testLogin
🧪 Iniciando test: testLogin [LoginTest]
]]></system-out>
  </testcase>
  <testcase name="testLogin[UserData{username=&apos;student&apos;, password=&apos;***&apos;, expectedResult=&apos;failed&apos;, description=&apos;Contraseña incorrecta&apos;}](3)" classname="suiteTest.LoginTest" time="3.303">
    <system-out><![CDATA[✅ Test EXITOSO: testLogin
🧪 Iniciando test: testLogin [LoginTest]
]]></system-out>
  </testcase>
  <testcase name="testLogin[UserData{username=&apos;student&apos;, password=&apos;***&apos;, expectedResult=&apos;failed&apos;, description=&apos;Contraseña incorrecta&apos;}](3)" classname="suiteTest.LoginTest" time="2.679">
    <system-out><![CDATA[✅ Test EXITOSO: testLogin
🧪 Iniciando test: testLogin [LoginTest]
]]></system-out>
  </testcase>
  <testcase name="testEmptyLoginFast" classname="suiteTest.LoginTest" time="1.157">
    <system-out><![CDATA[✅ Test EXITOSO: testLogin
🧪 Iniciando test: testEmptyLoginFast [LoginTest]
]]></system-out>
  </testcase>
  <testcase name="testInvalidCredentialsFast" classname="suiteTest.LoginTest" time="0.738">
    <system-out><![CDATA[✅ Test EXITOSO: testEmptyLoginFast
🧪 Iniciando test: testInvalidCredentialsFast [LoginTest]
]]></system-out>
  </testcase>
  <testcase name="testCompleteFormSubmission[RegisterData{firstName=&apos;Juan&apos;, lastName=&apos;Perez&apos;, email=&apos;juan.perez@gmail.com&apos;, phoneNumber=&apos;1234567890&apos;, dateOfBirth=&apos;15 January 1990&apos;, gender=&apos;Male&apos;, state=&apos;NCR&apos;, city=&apos;Delhi&apos;, currentAddress=&apos;Juan Perez Address&#10;123 Main Street&#10;Delhi India&apos;}](1)" classname="suiteTest.RegisterTest" time="40.269">
    <system-out><![CDATA[✅ Test EXITOSO: testInvalidCredentialsFast
🏁 ===== FINALIZANDO SUITE: Chrome-LoginTests-Complete =====
📊 ESTADÍSTICAS FINALES:
   🎯 Total de Tests: 5
   ✅ Exitosos: 5
   ❌ Fallidos: 0
   ⏭️ Omitidos: 0
   📈 Tasa de Éxito: 100,0%
📄 Reporte HTML generado: reports/AutomationSuite_Report_2025-08-05_14-37-44.html
🔗 Abrir en navegador: file:///C:/Users/Familia Romero/Desktop/Boopcamp QA/entregables/Ev-Mod4/Ev-Mod4/reports/AutomationSuite_Report_2025-08-05_14-37-44.html
📄 Reporte HTML disponible en: reports/AutomationSuite_Report_2025-08-05_14-37-44.html
📂 Screenshots disponibles en: screenshots/
🎉 ¡SUITE COMPLETADA EXITOSAMENTE! Todos los tests pasaron.
🚀 ===== INICIANDO SUITE: Chrome-RegisterTests-Complete =====
📋 Tests programados: 2
🔧 Configurando RegisterTest COMPLETO en chrome...
🔍 Validando CSV: src/test/resources/Register.csv -> EXISTE
📄 Primeras líneas del CSV:
   1: firstName,lastName,email,phoneNumber,dateOfBirth,gender,state,city,currentAddress
   2: Juan,Perez,juan.perez@gmail.com,1234567890,15 January 1990,Male,NCR,Delhi,"Juan Perez Address\n123 Main Street\nDelhi India"
   3: Maria,Garcia,maria.garcia@outlook.com,9876543210,20 February 1992,Female,Uttar Pradesh,Agra,"Maria Garcia Address\n456 Oak Avenue\nAgra India"
📋 Header CSV: firstName,lastName,email,phoneNumber,dateOfBirth,gender,state,city,currentAddress
🔍 Línea 2: Juan,Perez,juan.perez@gmail.com,1234567890,15 January 1990,Male,NCR,Delhi,"Juan Perez Address\n123 Main Street\nDelhi India"
📊 Campos parseados: 9
✅ RegisterData creado: Juan Perez | NCR/Delhi
🔍 Línea 3: Maria,Garcia,maria.garcia@outlook.com,9876543210,20 February 1992,Female,Uttar Pradesh,Agra,"Maria Garcia Address\n456 Oak Avenue\nAgra India"
📊 Campos parseados: 9
✅ RegisterData creado: Maria Garcia | Uttar Pradesh/Agra
🔍 Línea 4: Carlos,Rodriguez,carlos.rodriguez@yahoo.com,5555666777,10 March 1988,Male,Haryana,Karnal,"Carlos Rodriguez Address\n789 Pine Road\nKarnal India"
📊 Campos parseados: 9
✅ RegisterData creado: Carlos Rodriguez | Haryana/Karnal
🔍 Línea 5: Empty,Fields,,,,,,,
📊 Campos parseados: 9
✅ RegisterData creado: Empty Fields | NCR/Delhi
📊 Total RegisterData creados: 4
🧪 Iniciando test: testCompleteFormSubmission [RegisterTest]
]]></system-out>
    <system-err><![CDATA[ago. 05, 2025 2:38:08 P. M. org.openqa.selenium.devtools.CdpVersionFinder findNearestMatch
WARNING: Unable to find CDP implementation matching 138
ago. 05, 2025 2:38:08 P. M. org.openqa.selenium.chromium.ChromiumDriver lambda$new$5
WARNING: Unable to find version of CDP to use for 138.0.7204.184. You may need to include a dependency on a specific version of the CDP using something similar to `org.seleniumhq.selenium:selenium-devtools-v86:4.15.0` where the version ("v86") matches the version of the chromium-based browser you're using and the version number of the artifact is the same as Selenium's.
]]></system-err>
  </testcase>
  <testcase name="testCompleteFormSubmission[RegisterData{firstName=&apos;Juan&apos;, lastName=&apos;Perez&apos;, email=&apos;juan.perez@gmail.com&apos;, phoneNumber=&apos;1234567890&apos;, dateOfBirth=&apos;15 January 1990&apos;, gender=&apos;Male&apos;, state=&apos;NCR&apos;, city=&apos;Delhi&apos;, currentAddress=&apos;Juan Perez Address&#10;123 Main Street&#10;Delhi India&apos;}](1)" classname="suiteTest.RegisterTest" time="39.781">
    <system-out><![CDATA[✅ Test EXITOSO: testLogin
🏁 ===== FINALIZANDO SUITE: Firefox-LoginTest-Essential =====
📊 ESTADÍSTICAS FINALES:
   🎯 Total de Tests: 3
   ✅ Exitosos: 3
   ❌ Fallidos: 0
   ⏭️ Omitidos: 0
   📈 Tasa de Éxito: 100,0%
📄 Reporte HTML generado: reports/AutomationSuite_Report_2025-08-05_14-37-44.html
🔗 Abrir en navegador: file:///C:/Users/Familia Romero/Desktop/Boopcamp QA/entregables/Ev-Mod4/Ev-Mod4/reports/AutomationSuite_Report_2025-08-05_14-37-44.html
📄 Reporte HTML disponible en: reports/AutomationSuite_Report_2025-08-05_14-37-44.html
📂 Screenshots disponibles en: screenshots/
🎉 ¡SUITE COMPLETADA EXITOSAMENTE! Todos los tests pasaron.
🚀 ===== INICIANDO SUITE: Firefox-RegisterTest-Essential =====
📋 Tests programados: 1
🔧 Configurando RegisterTest COMPLETO en firefox...
🔍 Validando CSV: src/test/resources/Register.csv -> EXISTE
📄 Primeras líneas del CSV:
   1: firstName,lastName,email,phoneNumber,dateOfBirth,gender,state,city,currentAddress
   2: Juan,Perez,juan.perez@gmail.com,1234567890,15 January 1990,Male,NCR,Delhi,"Juan Perez Address\n123 Main Street\nDelhi India"
   3: Maria,Garcia,maria.garcia@outlook.com,9876543210,20 February 1992,Female,Uttar Pradesh,Agra,"Maria Garcia Address\n456 Oak Avenue\nAgra India"
📋 Header CSV: firstName,lastName,email,phoneNumber,dateOfBirth,gender,state,city,currentAddress
🔍 Línea 2: Juan,Perez,juan.perez@gmail.com,1234567890,15 January 1990,Male,NCR,Delhi,"Juan Perez Address\n123 Main Street\nDelhi India"
📊 Campos parseados: 9
✅ RegisterData creado: Juan Perez | NCR/Delhi
🔍 Línea 3: Maria,Garcia,maria.garcia@outlook.com,9876543210,20 February 1992,Female,Uttar Pradesh,Agra,"Maria Garcia Address\n456 Oak Avenue\nAgra India"
📊 Campos parseados: 9
✅ RegisterData creado: Maria Garcia | Uttar Pradesh/Agra
🔍 Línea 4: Carlos,Rodriguez,carlos.rodriguez@yahoo.com,5555666777,10 March 1988,Male,Haryana,Karnal,"Carlos Rodriguez Address\n789 Pine Road\nKarnal India"
📊 Campos parseados: 9
✅ RegisterData creado: Carlos Rodriguez | Haryana/Karnal
🔍 Línea 5: Empty,Fields,,,,,,,
📊 Campos parseados: 9
✅ RegisterData creado: Empty Fields | NCR/Delhi
📊 Total RegisterData creados: 4
🧪 Iniciando test: testCompleteFormSubmission [RegisterTest]
]]></system-out>
  </testcase>
  <testcase name="testCompleteFormSubmission[RegisterData{firstName=&apos;Maria&apos;, lastName=&apos;Garcia&apos;, email=&apos;maria.garcia@outlook.com&apos;, phoneNumber=&apos;9876543210&apos;, dateOfBirth=&apos;20 February 1992&apos;, gender=&apos;Female&apos;, state=&apos;Uttar Pradesh&apos;, city=&apos;Agra&apos;, currentAddress=&apos;Maria Garcia Address&#10;456 Oak Avenue&#10;Agra India&apos;}](2)" classname="suiteTest.RegisterTest" time="34.117">
    <system-out><![CDATA[✅ Test EXITOSO: testCompleteFormSubmission
🧪 Iniciando test: testCompleteFormSubmission [RegisterTest]
]]></system-out>
  </testcase>
  <testcase name="testCompleteFormSubmission[RegisterData{firstName=&apos;Maria&apos;, lastName=&apos;Garcia&apos;, email=&apos;maria.garcia@outlook.com&apos;, phoneNumber=&apos;9876543210&apos;, dateOfBirth=&apos;20 February 1992&apos;, gender=&apos;Female&apos;, state=&apos;Uttar Pradesh&apos;, city=&apos;Agra&apos;, currentAddress=&apos;Maria Garcia Address&#10;456 Oak Avenue&#10;Agra India&apos;}](2)" classname="suiteTest.RegisterTest" time="12.911">
    <system-out><![CDATA[✅ Test EXITOSO: testCompleteFormSubmission
🧪 Iniciando test: testCompleteFormSubmission [RegisterTest]
]]></system-out>
  </testcase>
  <testcase name="testCompleteFormSubmission[RegisterData{firstName=&apos;Carlos&apos;, lastName=&apos;Rodriguez&apos;, email=&apos;carlos.rodriguez@yahoo.com&apos;, phoneNumber=&apos;5555666777&apos;, dateOfBirth=&apos;10 March 1988&apos;, gender=&apos;Male&apos;, state=&apos;Haryana&apos;, city=&apos;Karnal&apos;, currentAddress=&apos;Carlos Rodriguez Address&#10;789 Pine Road&#10;Karnal India&apos;}](3)" classname="suiteTest.RegisterTest" time="33.701">
    <system-out><![CDATA[✅ Test EXITOSO: testCompleteFormSubmission
🧪 Iniciando test: testCompleteFormSubmission [RegisterTest]
]]></system-out>
  </testcase>
  <testcase name="testCompleteFormSubmission[RegisterData{firstName=&apos;Carlos&apos;, lastName=&apos;Rodriguez&apos;, email=&apos;carlos.rodriguez@yahoo.com&apos;, phoneNumber=&apos;5555666777&apos;, dateOfBirth=&apos;10 March 1988&apos;, gender=&apos;Male&apos;, state=&apos;Haryana&apos;, city=&apos;Karnal&apos;, currentAddress=&apos;Carlos Rodriguez Address&#10;789 Pine Road&#10;Karnal India&apos;}](3)" classname="suiteTest.RegisterTest" time="12.766">
    <system-out><![CDATA[✅ Test EXITOSO: testCompleteFormSubmission
🧪 Iniciando test: testCompleteFormSubmission [RegisterTest]
]]></system-out>
  </testcase>
  <testcase name="testCompleteFormSubmission[RegisterData{firstName=&apos;Empty&apos;, lastName=&apos;Fields&apos;, email=&apos;&apos;, phoneNumber=&apos;&apos;, dateOfBirth=&apos;&apos;, gender=&apos;&apos;, state=&apos;&apos;, city=&apos;&apos;, currentAddress=&apos;&apos;}](4)" classname="suiteTest.RegisterTest" time="33.925">
    <system-out><![CDATA[✅ Test EXITOSO: testCompleteFormSubmission
🧪 Iniciando test: testCompleteFormSubmission [RegisterTest]
]]></system-out>
  </testcase>
  <testcase name="testCompleteFormSubmission[RegisterData{firstName=&apos;Empty&apos;, lastName=&apos;Fields&apos;, email=&apos;&apos;, phoneNumber=&apos;&apos;, dateOfBirth=&apos;&apos;, gender=&apos;&apos;, state=&apos;&apos;, city=&apos;&apos;, currentAddress=&apos;&apos;}](4)" classname="suiteTest.RegisterTest" time="12.407">
    <system-out><![CDATA[✅ Test EXITOSO: testCompleteFormSubmission
🧪 Iniciando test: testCompleteFormSubmission [RegisterTest]
]]></system-out>
  </testcase>
  <testcase name="testFormFieldsValidation" classname="suiteTest.RegisterTest" time="2.216">
    <system-out><![CDATA[✅ Test EXITOSO: testCompleteFormSubmission
🧪 Iniciando test: testFormFieldsValidation [RegisterTest]
]]></system-out>
  </testcase>
</testsuite>