<?xml version="1.0" encoding="UTF-8"?>
<!-- Generated by org.testng.reporters.JUnitReportReporter -->
<testsuite hostname="FamiliaRomero" failures="0" tests="8" name="suiteTest.LoginTest" time="26.740" errors="0" timestamp="2025-08-05T14:42:21 CLT" skipped="0">
  <testcase classname="suiteTest.LoginTest" name="testLogin" time="6.214"/>
  <testcase classname="suiteTest.LoginTest" name="testLogin" time="2.679"/>
  <testcase classname="suiteTest.LoginTest" name="testLogin" time="6.308"/>
  <testcase classname="suiteTest.LoginTest" name="testLogin" time="2.763"/>
  <testcase classname="suiteTest.LoginTest" name="testLogin" time="3.311"/>
  <testcase classname="suiteTest.LoginTest" name="testLogin" time="3.549"/>
  <testcase classname="suiteTest.LoginTest" name="testEmptyLoginFast" time="1.163"/>
  <testcase classname="suiteTest.LoginTest" name="testInvalidCredentialsFast" time="0.753"/>
</testsuite> <!-- suiteTest.LoginTest -->
