<?xml version="1.0" encoding="UTF-8"?>
<!-- Generated by org.testng.reporters.JUnitReportReporter -->
<testsuite hostname="FamiliaRomero" failures="0" tests="9" name="suiteTest.RegisterTest" time="222.651" errors="0" timestamp="2025-08-05T14:42:21 CLT" skipped="0">
  <testcase classname="suiteTest.RegisterTest" name="testCompleteFormSubmission" time="34.031"/>
  <testcase classname="suiteTest.RegisterTest" name="testCompleteFormSubmission" time="34.212"/>
  <testcase classname="suiteTest.RegisterTest" name="testCompleteFormSubmission" time="33.795"/>
  <testcase classname="suiteTest.RegisterTest" name="testCompleteFormSubmission" time="12.803"/>
  <testcase classname="suiteTest.RegisterTest" name="testCompleteFormSubmission" time="40.368"/>
  <testcase classname="suiteTest.RegisterTest" name="testCompleteFormSubmission" time="12.411"/>
  <testcase classname="suiteTest.RegisterTest" name="testCompleteFormSubmission" time="12.927"/>
  <testcase classname="suiteTest.RegisterTest" name="testCompleteFormSubmission" time="39.814"/>
  <testcase classname="suiteTest.RegisterTest" name="testFormFieldsValidation" time="2.290"/>
</testsuite> <!-- suiteTest.RegisterTest -->
