<?xml version="1.0" encoding="UTF-8"?>
<!-- Generated by org.testng.reporters.JUnitReportReporter -->
<testsuite hostname="HPCLAUDIO" failures="0" tests="8" name="suiteTest.LoginTest" time="22.781" errors="0" timestamp="2025-08-04T17:29:45 CLT" skipped="0">
  <testcase classname="suiteTest.LoginTest" name="testLogin" time="5.699"/>
  <testcase classname="suiteTest.LoginTest" name="testLogin" time="2.561"/>
  <testcase classname="suiteTest.LoginTest" name="testLogin" time="6.152"/>
  <testcase classname="suiteTest.LoginTest" name="testLogin" time="2.481"/>
  <testcase classname="suiteTest.LoginTest" name="testLogin" time="2.489"/>
  <testcase classname="suiteTest.LoginTest" name="testLogin" time="2.518"/>
  <testcase classname="suiteTest.LoginTest" name="testEmptyLoginFast" time="0.375"/>
  <testcase classname="suiteTest.LoginTest" name="testInvalidCredentialsFast" time="0.506"/>
</testsuite> <!-- suiteTest.LoginTest -->
