<?xml version="1.0" encoding="UTF-8"?>
<!-- Generated by org.testng.reporters.JUnitReportReporter -->
<testsuite hostname="HPCLAUDIO" failures="0" tests="9" name="suiteTest.RegisterTest" time="192.940" errors="0" timestamp="2025-08-04T17:29:45 CLT" skipped="0">
  <testcase classname="suiteTest.RegisterTest" name="testCompleteFormSubmission" time="35.927"/>
  <testcase classname="suiteTest.RegisterTest" name="testCompleteFormSubmission" time="31.149"/>
  <testcase classname="suiteTest.RegisterTest" name="testCompleteFormSubmission" time="23.205"/>
  <testcase classname="suiteTest.RegisterTest" name="testCompleteFormSubmission" time="11.210"/>
  <testcase classname="suiteTest.RegisterTest" name="testCompleteFormSubmission" time="31.051"/>
  <testcase classname="suiteTest.RegisterTest" name="testCompleteFormSubmission" time="33.092"/>
  <testcase classname="suiteTest.RegisterTest" name="testCompleteFormSubmission" time="12.770"/>
  <testcase classname="suiteTest.RegisterTest" name="testCompleteFormSubmission" time="12.710"/>
  <testcase classname="suiteTest.RegisterTest" name="testFormFieldsValidation" time="1.826"/>
</testsuite> <!-- suiteTest.RegisterTest -->
